  FirstComeProcessor.cpp
E:\Data structure\Project\ll\Process_Scheduler\Scheduler.h(9,11): error C2143: syntax error: missing ';' before '*'
E:\Data structure\Project\ll\Process_Scheduler\Scheduler.h(9,11): error C4430: missing type specifier - int assumed. Note: C++ does not support default-int
E:\Data structure\Project\ll\Process_Scheduler\Scheduler.h(9,49): error C2238: unexpected token(s) preceding ';'
  Processor.cpp
E:\Data structure\Project\ll\Process_Scheduler\Scheduler.h(9,11): error C2143: syntax error: missing ';' before '*'
E:\Data structure\Project\ll\Process_Scheduler\Scheduler.h(9,11): error C4430: missing type specifier - int assumed. Note: C++ does not support default-int
E:\Data structure\Project\ll\Process_Scheduler\Scheduler.h(9,49): error C2238: unexpected token(s) preceding ';'
  RoundRobinProcessor.cpp
E:\Data structure\Project\ll\Process_Scheduler\Scheduler.h(9,11): error C2143: syntax error: missing ';' before '*'
E:\Data structure\Project\ll\Process_Scheduler\Scheduler.h(9,11): error C4430: missing type specifier - int assumed. Note: C++ does not support default-int
E:\Data structure\Project\ll\Process_Scheduler\Scheduler.h(9,49): error C2238: unexpected token(s) preceding ';'
E:\Data structure\Project\ll\Process_Scheduler\Classes\RoundRobinProcessor.cpp(12,56): warning C4552: '+': result of expression not used
  ShortestJobProcessor.cpp
E:\Data structure\Project\ll\Process_Scheduler\Scheduler.h(9,11): error C2143: syntax error: missing ';' before '*'
E:\Data structure\Project\ll\Process_Scheduler\Scheduler.h(9,11): error C4430: missing type specifier - int assumed. Note: C++ does not support default-int
E:\Data structure\Project\ll\Process_Scheduler\Scheduler.h(9,49): error C2238: unexpected token(s) preceding ';'
  Scheduler.cpp
E:\Data structure\Project\ll\Process_Scheduler\Scheduler.cpp(83,35): error C2440: '<function-style-cast>': cannot convert from 'int' to 'RoundRobinProcessor'
E:\Data structure\Project\ll\Process_Scheduler\Scheduler.cpp(83,35): message : No constructor could take the source type, or constructor overload resolution was ambiguous
  Generating Code...
